{"synthetic": false,
 "schemaVersion": "2025-09-10",
 "outputs":
 {"o": ["d5a53b6b539aae93.olean"],
  "i": "61d2a4b142d39490.ilean",
  "c": "b6e2d4f9474d1039.c"},
 "log":
 [{"message":
   ".> LEAN_PATH=/home/onean/research/tactic-formalization/.lake/packages/Cli/.lake/build/lib/lean:/home/onean/research/tactic-formalization/.lake/packages/batteries/.lake/build/lib/lean:/home/onean/research/tactic-formalization/.lake/packages/Qq/.lake/build/lib/lean:/home/onean/research/tactic-formalization/.lake/packages/aesop/.lake/build/lib/lean:/home/onean/research/tactic-formalization/.lake/packages/proofwidgets/.lake/build/lib/lean:/home/onean/research/tactic-formalization/.lake/packages/importGraph/.lake/build/lib/lean:/home/onean/research/tactic-formalization/.lake/packages/LeanSearchClient/.lake/build/lib/lean:/home/onean/research/tactic-formalization/.lake/packages/plausible/.lake/build/lib/lean:/home/onean/research/tactic-formalization/.lake/packages/mathlib/.lake/build/lib/lean:/home/onean/research/tactic-formalization/.lake/build/lib/lean /home/onean/.elan/toolchains/leanprover--lean4---v4.28.0/bin/lean /home/onean/research/tactic-formalization/TacticFormalization.lean -o /home/onean/research/tactic-formalization/.lake/build/lib/lean/TacticFormalization.olean -i /home/onean/research/tactic-formalization/.lake/build/lib/lean/TacticFormalization.ilean -c /home/onean/research/tactic-formalization/.lake/build/ir/TacticFormalization.c --setup /home/onean/research/tactic-formalization/.lake/build/ir/TacticFormalization.setup.json --json",
   "level": "trace"}],
 "inputs":
 [["TacticFormalization:deps",
   [["deps",
     [["tacticFormalization/TacticFormalization:extraDep",
       [["@tacticFormalization:extraDep", "00000000000006bb"]]],
      ["imports",
       [["TacticFormalization.Tactics transitive imports (legacy)",
         "7817586730faa047"],
        ["TacticFormalization.Tactics:importAllArts", "932ace5bd2fbb376"]]]]],
    ["libs",
     [["import dynlibs", "00000000000006bb"],
      ["package external libraries", "00000000000006bb"],
      ["module dynlibs", "00000000000006bb"],
      ["module plugins", "00000000000006bb"]]]]],
  ["Lean 4.28.0, commit 7e01a1bf5c70fc6167d49c345d3bf80596e9a79b",
   "a96bc04a2e5e9630"],
  ["/home/onean/research/tactic-formalization/TacticFormalization.lean",
   "96dc70e600edd23a"],
  ["options", "00000000000006bb"],
  ["Module.leanArgs: #[]", "00000000000006bb"]],
 "depHash": "d073a763619d199f"}